<?xml version="1.0" encoding="UTF-8"?>
<!-- Generated by org.testng.reporters.JUnitXMLReporter -->
<testsuite hostname="MUGIL" ignored="0" name="Default test" tests="6" failures="0" timestamp="01 May 2021 15:31:36 GMT" time="0.149" errors="0">
  <testcase name="tc0" time="0.038" classname="org.pack2.SampleAssert"/>
  <testcase name="tc1" time="0.016" classname="org.pack2.SampleAssert"/>
  <testcase name="tc2" time="0.0" classname="org.pack2.SampleAssert"/>
  <testcase name="tc3" time="0.0" classname="org.pack2.SampleAssert"/>
  <testcase name="tc4" time="0.015" classname="org.pack2.SampleAssert"/>
  <testcase name="tc5" time="0.0" classname="org.pack2.SampleAssert"/>
</testsuite> <!-- Default test -->
