<?xml version="1.0" encoding="UTF-8"?>
<testng-results skipped="0" failed="0" ignored="0" total="3" passed="3">
  <reporter-output>
  </reporter-output>
  <suite name="Suite" duration-ms="56" started-at="2021-05-03T17:18:24Z" finished-at="2021-05-03T17:18:24Z">
    <groups>
    </groups>
    <test name="Test" duration-ms="56" started-at="2021-05-03T17:18:24Z" finished-at="2021-05-03T17:18:24Z">
      <class name="org.pack3.Company">
        <test-method status="PASS" signature="tc0()[pri:0, instance:org.pack3.Company@4c70fda8]" name="tc0" duration-ms="15" started-at="2021-05-03T17:18:24Z" finished-at="2021-05-03T17:18:24Z">
          <reporter-output>
          </reporter-output>
        </test-method> <!-- tc0 -->
        <test-method status="PASS" signature="tc1()[pri:0, instance:org.pack3.Company@4c70fda8]" name="tc1" duration-ms="0" started-at="2021-05-03T17:18:24Z" finished-at="2021-05-03T17:18:24Z">
          <reporter-output>
          </reporter-output>
        </test-method> <!-- tc1 -->
        <test-method status="PASS" signature="tc2()[pri:0, instance:org.pack3.Company@4c70fda8]" name="tc2" duration-ms="0" started-at="2021-05-03T17:18:24Z" finished-at="2021-05-03T17:18:24Z">
          <reporter-output>
          </reporter-output>
        </test-method> <!-- tc2 -->
      </class> <!-- org.pack3.Company -->
    </test> <!-- Test -->
  </suite> <!-- Suite -->
</testng-results>
